<?xml version="1.0" encoding="UTF-8"?>
<testng-results ignored="0" total="1" passed="1" failed="0" skipped="0">
  <reporter-output>
  </reporter-output>
  <suite started-at="2022-05-09T06:34:48Z" name="Default suite" finished-at="2022-05-09T06:37:18Z" duration-ms="150141">
    <groups>
    </groups>
    <test started-at="2022-05-09T06:34:48Z" name="Default test" finished-at="2022-05-09T06:37:18Z" duration-ms="150141">
      <class name="TestSuites.AppsTools">
        <test-method is-config="true" signature="invokeBrowser()[pri:0, instance:TestSuites.AppsTools@1d3ac898]" started-at="2022-05-09T06:34:48Z" name="invokeBrowser" finished-at="2022-05-09T06:34:54Z" duration-ms="5801" status="PASS">
          <reporter-output>
          </reporter-output>
        </test-method> <!-- invokeBrowser -->
        <test-method signature="testCases()[pri:1, instance:TestSuites.AppsTools@1d3ac898]" started-at="2022-05-09T06:34:54Z" name="testCases" finished-at="2022-05-09T06:37:17Z" duration-ms="143817" status="PASS">
          <reporter-output>
          </reporter-output>
        </test-method> <!-- testCases -->
        <test-method is-config="true" signature="closeBrowser()[pri:0, instance:TestSuites.AppsTools@1d3ac898]" started-at="2022-05-09T06:37:17Z" name="closeBrowser" finished-at="2022-05-09T06:37:18Z" duration-ms="476" status="PASS">
          <reporter-output>
          </reporter-output>
        </test-method> <!-- closeBrowser -->
      </class> <!-- TestSuites.AppsTools -->
    </test> <!-- Default test -->
  </suite> <!-- Default suite -->
</testng-results>
